No numpy version specified in conda_build_config.yaml.  Falling back to default numpy value of 1.16
WARNING:conda_build.metadata:No numpy version specified in conda_build_config.yaml.  Falling back to default numpy value of 1.16
Adding in variants from internal_defaults
INFO:conda_build.variants:Adding in variants from internal_defaults
Adding in variants from /mnt/repos/conda-forge/andfoy/qt-feedstock/recipe/conda_build_config.yaml
INFO:conda_build.variants:Adding in variants from /mnt/repos/conda-forge/andfoy/qt-feedstock/recipe/conda_build_config.yaml
Attempting to finalize metadata for qt-main
INFO:conda_build.metadata:Attempting to finalize metadata for qt-main
Collecting package metadata (repodata.json): ...working... done
Solving environment: ...working... done
Collecting package metadata (repodata.json): ...working... done
Solving environment: ...working... done
Collecting package metadata (repodata.json): ...working... done
Solving environment: ...working... done
BUILD START: ['qt-main-5.15.2-hbfd4b83_0.tar.bz2']
Collecting package metadata (repodata.json): ...working... done
Solving environment: ...working... done

## Package Plan ##

  environment location: /opt/conda/conda-bld/qt-main_1626807079587/_h_env_placehold_placehold_placehold_placehold_placehold_placehold_placehold_placehold_placehold_placehold_placehold_placehold_placehold_placehold_placehold_placehold_placehold_placehold_placehold_placehold_place


The following NEW packages will be INSTALLED:

    _libgcc_mutex:         0.1-main                defaults
    _openmp_mutex:         5.1-51_gnu              defaults
    at-spi2-atk:           2.34.2-hf975c6d_0       local   
    at-spi2-core:          2.36.0-hf975c6d_1       local   
    atk-1.0:               2.36.0-h920789f_0       local   
    ca-certificates:       2021.7.5-hd43f75c_1     local   
    cairo:                 1.16.0-h81ccd62_1       defaults
    dbus:                  1.13.18-h821dc26_0      defaults
    epoxy:                 1.5.4-h2f4d8fa_2        local   
    expat:                 2.3.0-h7c1a80f_2        defaults
    fontconfig:            2.13.1-hbe5a0c3_0       defaults
    freetype:              2.10.4-hbbbf32d_1       defaults
    fribidi:               1.0.10-hfd63f10_0       defaults
    gdk-pixbuf:            2.38.2-h920789f_4       local   
    gettext:               0.21.0-h8e1abe2_0       defaults
    glib:                  2.68.1-he94be5b_0       defaults
    gobject-introspection: 1.67.1-py39h9fce22e_1   defaults
    graphite2:             1.3.14-h0b239d7_0       defaults
    gst-plugins-base:      1.14.1-hfb8a71d_0       defaults
    gstreamer:             1.14.1-h982c5ff_0       defaults
    gtk3:                  3.24.21-h920789f_1      local   
    harfbuzz:              2.8.0-h905054b_0        defaults
    hicolor-icon-theme:    0.17-2                  local   
    icu:                   68.1-h7c1a80f_0         defaults
    jpeg:                  9d-hfd63f10_0           defaults
    krb5:                  1.19.1-h4b604a8_0       defaults
    ld_impl_linux-aarch64: 2.36.1-h0ab8de2_3       defaults
    libcups:               2.2.12-h549d06d_1       local   
    libedit:               3.1.20210216-hfd63f10_1 defaults
    libevent:              2.1.10-hcd09bdd_2       defaults
    libffi:                3.3-h7c1a80f_2          defaults
    libgcc-ng:             10.2.0-h1234567_51      defaults
    libgomp:               10.2.0-h1234567_51      defaults
    libiconv:              1.16-h9cdd2b7_0         defaults
    libjpeg-turbo:         2.0.0-h920789f_0        local   
    libpng:                1.6.37-h8ea0f78_0       defaults
    libpq:                 12.2-h2007d8e_0         defaults
    libstdcxx-ng:          10.2.0-h1234567_51      defaults
    libtiff:               4.2.0-he67034a_0        defaults
    libuuid:               1.0.3-hfd63f10_2        defaults
    libwebp-base:          1.2.0-h4e544f5_0        defaults
    libxcb:                1.14-hfd63f10_0         defaults
    libxkbcommon:          1.0.1-h1897131_0        defaults
    libxml2:               2.9.10-hbcfeb34_3       defaults
    lz4-c:                 1.9.3-h7c1a80f_0        defaults
    mysql-common:          8.0.25-2                local   
    mysql-devel:           8.0.25-2                local   
    mysql-libs:            8.0.25-h3f4af3b_2       local   
    ncurses:               6.2-hfd63f10_0          defaults
    ninja:                 1.10.2-py39h949e957_0   defaults
    nspr:                  4.28-h7c1a80f_0         defaults
    nss:                   3.56-hebea02f_0         defaults
    openssl:               1.1.1k-hfd63f10_1       defaults
    pango:                 1.45.3-hef97164_0       defaults
    pcre:                  8.44-h7c1a80f_0         defaults
    pixman:                0.40.0-h2f4d8fa_1       defaults
    postgresql:            12.2-h2007d8e_0         defaults
    pthread-stubs:         0.3-hfd63f10_1          defaults
    python:                3.9.5-hc137634_3        defaults
    readline:              8.1-hfd63f10_0          defaults
    sqlite:                3.35.4-h017fe0a_1       defaults
    tk:                    8.6.10-h8ea0f78_0       defaults
    tzdata:                2021a-h52ac0ba_0        defaults
    xz:                    5.2.5-hfd63f10_1        defaults
    zlib:                  1.2.11-hfd63f10_5       defaults
    zstd:                  1.4.9-h20642d3_2        defaults

Preparing transaction: ...working... done
Verifying transaction: ...working... done
Executing transaction: ...working... done
Collecting package metadata (repodata.json): ...working... done
Solving environment: ...working... done
Collecting package metadata (repodata.json): ...working... done
Solving environment: ...working... failed

Leaving build/test directories:
  Work:
 /opt/conda/conda-bld/work 
  Test:
 /opt/conda/conda-bld/test_tmp 
Leaving build/test environments:
  Test:
source activate  /opt/conda/conda-bld/_test_env_placehold_placehold_placehold_placehold_placehold_placehold_placehold_placehold_placehold_placehold_placehold_placehold_placehold_placehold_placehold_placehold_placehold_placehold_placehold_placehold_placehold_placehold_pl 
  Build:
source activate  /opt/conda/conda-bld/_build_env 


Traceback (most recent call last):
  File "/opt/conda/lib/python3.8/site-packages/conda_build/environ.py", line 802, in get_install_actions
    actions = install_actions(prefix, index, specs, force=True)
  File "/opt/conda/lib/python3.8/site-packages/conda/common/io.py", line 88, in decorated
    return f(*args, **kwds)
  File "/opt/conda/lib/python3.8/site-packages/conda/plan.py", line 474, in install_actions
    txn = solver.solve_for_transaction(prune=prune, ignore_pinned=not pinned)
  File "/opt/conda/lib/python3.8/site-packages/conda/core/solve.py", line 114, in solve_for_transaction
    unlink_precs, link_precs = self.solve_for_diff(update_modifier, deps_modifier,
  File "/opt/conda/lib/python3.8/site-packages/conda/core/solve.py", line 157, in solve_for_diff
    final_precs = self.solve_final_state(update_modifier, deps_modifier, prune, ignore_pinned,
  File "/opt/conda/lib/python3.8/site-packages/conda/core/solve.py", line 275, in solve_final_state
    ssc = self._add_specs(ssc)
  File "/opt/conda/lib/python3.8/site-packages/conda/core/solve.py", line 565, in _add_specs
    explicit_pool = ssc.r._get_package_pool(self.specs_to_add)
  File "/opt/conda/lib/python3.8/site-packages/conda/resolve.py", line 555, in _get_package_pool
    pool = self.get_reduced_index(specs)
  File "/opt/conda/lib/python3.8/site-packages/conda/common/io.py", line 88, in decorated
    return f(*args, **kwds)
  File "/opt/conda/lib/python3.8/site-packages/conda/resolve.py", line 576, in get_reduced_index
    explicit_specs, features = self.verify_specs(explicit_specs)
  File "/opt/conda/lib/python3.8/site-packages/conda/resolve.py", line 288, in verify_specs
    raise ResolvePackageNotFound(bad_deps)
conda.exceptions.ResolvePackageNotFound: 
  - adwaita-icon-theme

During handling of the above exception, another exception occurred:

Traceback (most recent call last):
  File "/opt/conda/bin/conda-build", line 11, in <module>
    sys.exit(main())
  File "/opt/conda/lib/python3.8/site-packages/conda_build/cli/main_build.py", line 481, in main
    execute(sys.argv[1:])
  File "/opt/conda/lib/python3.8/site-packages/conda_build/cli/main_build.py", line 470, in execute
    outputs = api.build(args.recipe, post=args.post, test_run_post=args.test_run_post,
  File "/opt/conda/lib/python3.8/site-packages/conda_build/api.py", line 186, in build
    return build_tree(
  File "/opt/conda/lib/python3.8/site-packages/conda_build/build.py", line 3068, in build_tree
    packages_from_this = build(metadata, stats,
  File "/opt/conda/lib/python3.8/site-packages/conda_build/build.py", line 2108, in build
    create_build_envs(top_level_pkg, notest)
  File "/opt/conda/lib/python3.8/site-packages/conda_build/build.py", line 1986, in create_build_envs
    raise e
  File "/opt/conda/lib/python3.8/site-packages/conda_build/build.py", line 1965, in create_build_envs
    environ.get_install_actions(m.config.test_prefix,
  File "/opt/conda/lib/python3.8/site-packages/conda_build/environ.py", line 804, in get_install_actions
    raise DependencyNeedsBuildingError(exc, subdir=subdir)
conda_build.exceptions.DependencyNeedsBuildingError: Unsatisfiable dependencies for platform linux-aarch64: {'adwaita-icon-theme'}
